
	            G L O B A L   R E F E R E N C E S

	             Name               Value        Type
	==============================|=======|===============
	CR                               000A         CONSTANT
	FIM_TEXTO                        0040         CONSTANT
	FIM_MAPA                         0063         CONSTANT
	IO_READ                          FFFF         CONSTANT
	IO_WRITE                         FFFE         CONSTANT
	IO_STATUS                        FFFD         CONSTANT
	INITIAL_SP                       FDFF         CONSTANT
	CURSOR                           FFFC         CONSTANT
	CURSOR_INIT                      FFFF         CONSTANT
	ROW_POSITION                     0000         CONSTANT
	COL_POSITION                     0000         CONSTANT
	ROW_SHIFT                        0008         CONSTANT
	COLUMN_SHIF0T                    0008         CONSTANT
	PACMAN_X                         0001         CONSTANT
	PACMAN_Y                         0001         CONSTANT
	DOWN                             0000         CONSTANT
	UP                               0001         CONSTANT
	LEFT                             0002         CONSTANT
	RIGHT                            0003         CONSTANT
	STOP                             0004         CONSTANT
	TIMER_UNITS                      FFF6         CONSTANT
	ACTIVATE_TIMER                   FFF7         CONSTANT
	ON                               0001         CONSTANT
	OFF                              0000         CONSTANT
	POSICAO_INICIAL                  8052         CONSTANT
	POSICAO_FANTASMA1                80F7         CONSTANT
	RND_MASK                         8016         CONSTANT
	LSB_MASK                         0001         CONSTANT
	PRIME_NUMBER_1                   000B         CONSTANT
	PRIME_NUMBER_2                   000D         CONSTANT
	L1                               8000           STRING
	L2                               8051           STRING
	L3                               80A2           STRING
	L4                               80F3           STRING
	L5                               8144           STRING
	L6                               8195           STRING
	L7                               81E6           STRING
	L8                               8237           STRING
	L9                               8288           STRING
	L10                              82D9           STRING
	L11                              832A           STRING
	L12                              837B           STRING
	L13                              83CC           STRING
	L14                              841D           STRING
	L15                              846E           STRING
	L16                              84BF           STRING
	L17                              8510           STRING
	L18                              8561           STRING
	L19                              85B2           STRING
	L20                              8603           STRING
	L21                              8654           STRING
	L22                              86A5           STRING
	L23                              86F6           STRING
	L24                              8747           STRING
	Derrota                          8798           STRING
	Vitoria                          87A5           STRING
	RowIndex                         87AE         VARIABLE
	ColumnIndex                      87AF         VARIABLE
	TextIndex                        87B0         VARIABLE
	YFim                             87B1         VARIABLE
	EnderecoString                   87B2         VARIABLE
	PacmanDirection                  87B3         VARIABLE
	PacmanNovoX                      87B4         VARIABLE
	PacmanNovoY                      87B5         VARIABLE
	PacmanEndereco                   87B6         VARIABLE
	Unidade                          87B7         VARIABLE
	Dezena                           87B8         VARIABLE
	Centena                          87B9         VARIABLE
	linha_Pontos                     87BA         VARIABLE
	coluna_Pontos                    87BB         VARIABLE
	flagVenceu                       87BC         VARIABLE
	Vidas                            87BD         VARIABLE
	linha_vida                       87BE         VARIABLE
	coluna_vida                      87BF         VARIABLE
	Random_var                       87C0         VARIABLE
	DirecaoGhost1                    87C1         VARIABLE
	XGhost1                          87C2         VARIABLE
	YGhost1                          87C3         VARIABLE
	PosGhost1                        87C4         VARIABLE
	INT0                             FE00         VARIABLE
	INT1                             FE01         VARIABLE
	INT2                             FE02         VARIABLE
	INT3                             FE03         VARIABLE
	INT15                            FE0F         VARIABLE
	Timer                            0002            LABEL
	VerificaColisaoFantasmaPacman    0039            LABEL
	NaoMorreu                        0050            LABEL
	WinLoseCheck                     0054            LABEL
	Lose                             0071            LABEL
	NaoGanhou                        0076            LABEL
	WIN                              0078            LABEL
	PrintVitDer                      0083            LABEL
	Perdeu                           0094            LABEL
	Continue                         0096            LABEL
	WhileFIM                         009A            LABEL
	FimVitoria                       00AE            LABEL
	DiminuiLife                      00B2            LABEL
	ResetMapa                        00C5            LABEL
	MoverDireita                     00E2            LABEL
	MoverEsquerda                    00E9            LABEL
	MoverCima                        00F0            LABEL
	MoverBaixo                       00F7            LABEL
	MovimentaDireita                 00FE            LABEL
	MovimentaEsquerda                0129            LABEL
	MovimentaBaixo                   0154            LABEL
	MovimentaCima                    017F            LABEL
	VerificaMovimento                01AA            LABEL
	VerificaDireita                  01C1            LABEL
	VerificaEsquerda                 01D2            LABEL
	VerificaBaixo                    01E3            LABEL
	VerificaCima                     01F5            LABEL
	Parede                           0207            LABEL
	Ponto                            020E            LABEL
	PontoDireita                     0239            LABEL
	PontoEsquerda                    0244            LABEL
	PontoCima                        024F            LABEL
	PontoBaixo                       025B            LABEL
	aumentaDezena                    0267            LABEL
	aumentaCentena                   0279            LABEL
	VerificaMovimentoGhost1          0284            LABEL
	MovimentaBaixoGhost1             029B            LABEL
	MovimentaCimaGhost1              02C1            LABEL
	MovimentaDireitaGhost1           02E7            LABEL
	MovimentaEsquerdaGhost1          030D            LABEL
	VerificaBaixoGhost1              0332            LABEL
	VerificaCimaGhost1               0340            LABEL
	VerificaDireitaGhost1            034E            LABEL
	VerificaEsquerdaGhost1           035B            LABEL
	ParedeGhost                      0368            LABEL
	Random                           0373            LABEL
	Rnd_rotate                       037E            LABEL
	PrintarMapa                      038A            LABEL
	While                            0391            LABEL
	EndWhile                         03AC            LABEL
	FimPrintMapa                     03B6            LABEL
	PrintPontos                      03BE            LABEL
	Configura_Timer                  03ED            LABEL
	Main                             03FA            LABEL
	Cycle                            0425            LABEL
	Halt                             0426            LABEL
