
	            G L O B A L   R E F E R E N C E S

	             Name               Value        Type
	==============================|=======|===============
	CR                               000A         CONSTANT
	FIM_TEXTO                        0040         CONSTANT
	IO_READ                          FFFF         CONSTANT
	IO_WRITE                         FFFE         CONSTANT
	IO_STATUS                        FFFD         CONSTANT
	INITIAL_SP                       FDFF         CONSTANT
	CURSOR                           FFFC         CONSTANT
	CURSOR_INIT                      FFFF         CONSTANT
	ROW_POSITION                     0000         CONSTANT
	COL_POSITION                     0000         CONSTANT
	ROW_SHIFT                        0008         CONSTANT
	COLUMN_SHIFT                     0008         CONSTANT
	L1                               8000           STRING
	L2                               8051           STRING
	L3                               80A2           STRING
	L4                               80F3           STRING
	L5                               8144           STRING
	L6                               8195           STRING
	L7                               81E6           STRING
	L8                               8237           STRING
	L9                               8288           STRING
	L10                              82D9           STRING
	L11                              832A           STRING
	L12                              837B           STRING
	L13                              83CC           STRING
	L14                              841D           STRING
	L15                              846E           STRING
	L16                              84BF           STRING
	L17                              8510           STRING
	L18                              8561           STRING
	L19                              85B2           STRING
	L20                              8603           STRING
	L21                              8654           STRING
	L22                              86A5           STRING
	L23                              86F6           STRING
	L24                              8747           STRING
	RowIndex                         8798         VARIABLE
	ColumnIndex                      8799         VARIABLE
	TextIndex                        879A         VARIABLE
	EnderecoString                   879B         VARIABLE
	PrintString                      0002            LABEL
	CicloPrintString                 000D            LABEL
	FimPrintString                   001E            LABEL
	PrintarMapa                      0023            LABEL
	Main                             002C            LABEL
	Cycle                            0036            LABEL
	Halt                             0037            LABEL
