
	            G L O B A L   R E F E R E N C E S

	             Name               Value        Type
	==============================|=======|===============
	CR                               000A         CONSTANT
	FIM_TEXTO                        0040         CONSTANT
	FIM_MAPA                         0063         CONSTANT
	IO_READ                          FFFF         CONSTANT
	IO_WRITE                         FFFE         CONSTANT
	IO_STATUS                        FFFD         CONSTANT
	INITIAL_SP                       FDFF         CONSTANT
	CURSOR                           FFFC         CONSTANT
	CURSOR_INIT                      FFFF         CONSTANT
	ROW_POSITION                     0000         CONSTANT
	COL_POSITION                     0000         CONSTANT
	ROW_SHIFT                        0008         CONSTANT
	COLUMN_SHIF0T                    0008         CONSTANT
	PACMAN_X                         0001         CONSTANT
	PACMAN_Y                         0001         CONSTANT
	DOWN                             0000         CONSTANT
	UP                               0001         CONSTANT
	LEFT                             0002         CONSTANT
	RIGHT                            0003         CONSTANT
	STOP                             0004         CONSTANT
	TIMER_UNITS                      FFF6         CONSTANT
	ACTIVATE_TIMER                   FFF7         CONSTANT
	ON                               0001         CONSTANT
	OFF                              0000         CONSTANT
	POSICAO_INICIAL                  8052         CONSTANT
	POSICAO_FANTASMA1                80F7         CONSTANT
	RND_MASK                         8016         CONSTANT
	LSB_MASK                         0001         CONSTANT
	PRIME_NUMBER_1                   000B         CONSTANT
	PRIME_NUMBER_2                   000D         CONSTANT
	L1                               8000           STRING
	L2                               8051           STRING
	L3                               80A2           STRING
	L4                               80F3           STRING
	L5                               8144           STRING
	L6                               8195           STRING
	L7                               81E6           STRING
	L8                               8237           STRING
	L9                               8288           STRING
	L10                              82D9           STRING
	L11                              832A           STRING
	L12                              837B           STRING
	L13                              83CC           STRING
	L14                              841D           STRING
	L15                              846E           STRING
	L16                              84BF           STRING
	L17                              8510           STRING
	L18                              8561           STRING
	L19                              85B2           STRING
	L20                              8603           STRING
	L21                              8654           STRING
	L22                              86A5           STRING
	L23                              86F6           STRING
	L24                              8747           STRING
	RowIndex                         8798         VARIABLE
	ColumnIndex                      8799         VARIABLE
	TextIndex                        879A         VARIABLE
	EnderecoString                   879B         VARIABLE
	PacmanDirection                  879C         VARIABLE
	PacmanNovoX                      879D         VARIABLE
	PacmanNovoY                      879E         VARIABLE
	PacmanEndereco                   879F         VARIABLE
	Unidade                          87A0         VARIABLE
	Dezena                           87A1         VARIABLE
	Centena                          87A2         VARIABLE
	linha_Pontos                     87A3         VARIABLE
	coluna_Pontos                    87A4         VARIABLE
	Random_var                       87A5         VARIABLE
	DirecaoGhost1                    87A6         VARIABLE
	XGhost1                          87A7         VARIABLE
	YGhost1                          87A8         VARIABLE
	PosGhost1                        87A9         VARIABLE
	INT0                             FE00         VARIABLE
	INT1                             FE01         VARIABLE
	INT2                             FE02         VARIABLE
	INT3                             FE03         VARIABLE
	INT15                            FE0F         VARIABLE
	Timer                            0002            LABEL
	MoverDireita                     0031            LABEL
	MoverEsquerda                    0038            LABEL
	MoverCima                        003F            LABEL
	MoverBaixo                       0046            LABEL
	MovimentaDireita                 004D            LABEL
	MovimentaEsquerda                006E            LABEL
	MovimentaBaixo                   008F            LABEL
	MovimentaCima                    00B4            LABEL
	VerificaMovimento                00D9            LABEL
	VerificaDireita                  00F0            LABEL
	VerificaEsquerda                 0101            LABEL
	VerificaBaixo                    0112            LABEL
	VerificaCima                     0124            LABEL
	Parede                           0136            LABEL
	Ponto                            013D            LABEL
	PontoDireita                     0168            LABEL
	PontoEsquerda                    0173            LABEL
	PontoCima                        017E            LABEL
	PontoBaixo                       018A            LABEL
	aumentaDezena                    0196            LABEL
	aumentaCentena                   01A8            LABEL
	VerificaMovimentoGhost1          01B3            LABEL
	MovimentaBaixoGhost1             01CA            LABEL
	MovimentaCimaGhost1              01F4            LABEL
	MovimentaDireitaGhost1           021E            LABEL
	MovimentaEsquerdaGhost1          0248            LABEL
	VerificaBaixoGhost1              026F            LABEL
	VerificaCimaGhost1               0281            LABEL
	VerificaDireitaGhost1            0293            LABEL
	VerificaEsquerdaGhost1           02A4            LABEL
	ParedeGhost                      02B5            LABEL
	Random                           02BA            LABEL
	Rnd_rotate                       02C7            LABEL
	PrintarMapa                      02D5            LABEL
	While                            02DC            LABEL
	EndWhile                         02F7            LABEL
	FimPrintMapa                     0301            LABEL
	PrintPontos                      0309            LABEL
	Configura_Timer                  0338            LABEL
	VerificaMapa                     0345            LABEL
	Main                             034D            LABEL
	Cycle                            036C            LABEL
	Halt                             036D            LABEL
